<?xml version="1.0" encoding="UTF-8"?>
<!-- Generated by org.testng.reporters.JUnitReportReporter -->
<testsuite skipped="0" hostname="DESKTOP-RV54SM4" name="com.TestNG.SamplePackage.ParameterTest" tests="2" failures="0" timestamp="26 Apr 2020 06:48:16 GMT" time="0.024" errors="0">
  <testcase name="test2" time="0.000" classname="com.TestNG.SamplePackage.ParameterTest"/>
  <testcase name="test1" time="0.024" classname="com.TestNG.SamplePackage.ParameterTest"/>
</testsuite> <!-- com.TestNG.SamplePackage.ParameterTest -->
