<?xml version="1.0" encoding="UTF-8"?>
<!-- Generated by org.testng.reporters.JUnitReportReporter -->
<testsuite skipped="0" hostname="DESKTOP-RV54SM4" name="com.TestNG.SamplePackage.SubClass" tests="1" failures="0" timestamp="21 Jan 2020 17:45:06 GMT" time="0.000" errors="0">
  <testcase name="childMethod" time="0.000" classname="com.TestNG.SamplePackage.SubClass"/>
</testsuite> <!-- com.TestNG.SamplePackage.SubClass -->
