<?xml version="1.0" encoding="UTF-8"?>
<!-- Generated by org.testng.reporters.JUnitReportReporter -->
<testsuite skipped="0" hostname="DESKTOP-RV54SM4" name="com.TestNG.SamplePackage.ParallelExecuteWithDataProvider" tests="2" failures="0" timestamp="22 Apr 2020 15:21:35 GMT" time="54.052" errors="0">
  <testcase name="test1" time="26.299" classname="com.TestNG.SamplePackage.ParallelExecuteWithDataProvider"/>
  <testcase name="test1" time="27.753" classname="com.TestNG.SamplePackage.ParallelExecuteWithDataProvider"/>
</testsuite> <!-- com.TestNG.SamplePackage.ParallelExecuteWithDataProvider -->
