<?xml version="1.0" encoding="UTF-8"?>
<!-- Generated by org.testng.reporters.JUnitReportReporter -->
<testsuite skipped="0" hostname="DESKTOP-RV54SM4" name="com.TestNG.SamplePackage.ShareDataAmongTestMethods" tests="2" failures="0" timestamp="26 Apr 2020 15:21:47 GMT" time="0.031" errors="0">
  <testcase name="useData" time="0.006" classname="com.TestNG.SamplePackage.ShareDataAmongTestMethods"/>
  <testcase name="generateData" time="0.025" classname="com.TestNG.SamplePackage.ShareDataAmongTestMethods"/>
</testsuite> <!-- com.TestNG.SamplePackage.ShareDataAmongTestMethods -->
