<?xml version="1.0" encoding="UTF-8"?>
<!-- Generated by org.testng.reporters.JUnitReportReporter -->
<testsuite skipped="0" hostname="DESKTOP-RV54SM4" name="com.TestNG.SamplePackage.Test1" tests="1" failures="0" timestamp="26 Jan 2020 07:37:56 GMT" time="0.009" errors="0">
  <testcase name="method3" time="0.009" classname="com.TestNG.SamplePackage.Test1"/>
</testsuite> <!-- com.TestNG.SamplePackage.Test1 -->
