<?xml version="1.0" encoding="UTF-8"?>
<!-- Generated by org.testng.reporters.JUnitReportReporter -->
<testsuite skipped="0" hostname="DESKTOP-RV54SM4" name="com.TestNG.SamplePackage.TestNGReturnMethod" tests="2" failures="0" timestamp="23 Jan 2020 16:35:22 GMT" time="0.012" errors="0">
  <testcase name="method1" time="0.000" classname="com.TestNG.SamplePackage.TestNGReturnMethod"/>
  <testcase name="method2" time="0.012" classname="com.TestNG.SamplePackage.TestNGReturnMethod"/>
</testsuite> <!-- com.TestNG.SamplePackage.TestNGReturnMethod -->
