<?xml version="1.0" encoding="UTF-8"?>
<!-- Generated by org.testng.reporters.JUnitReportReporter -->
<testsuite skipped="0" hostname="DESKTOP-RV54SM4" name="com.TestNG.SamplePackage.ImplementedClass" tests="1" failures="0" timestamp="21 Jan 2020 17:35:56 GMT" time="0.011" errors="0">
  <testcase name="implementationmethod" time="0.011" classname="com.TestNG.SamplePackage.ImplementedClass"/>
</testsuite> <!-- com.TestNG.SamplePackage.ImplementedClass -->
