<?xml version="1.0" encoding="UTF-8"?>
<!-- Generated by org.testng.reporters.JUnitReportReporter -->
<testsuite skipped="0" hostname="DESKTOP-RV54SM4" name="com.TestNG.SamplePackage.DataProviderTest" tests="3" failures="0" timestamp="25 Apr 2020 16:05:23 GMT" time="0.019" errors="0">
  <testcase name="test3" time="0.003" classname="com.TestNG.SamplePackage.DataProviderTest"/>
  <testcase name="test2" time="0.002" classname="com.TestNG.SamplePackage.DataProviderTest"/>
  <testcase name="test1" time="0.014" classname="com.TestNG.SamplePackage.DataProviderTest"/>
</testsuite> <!-- com.TestNG.SamplePackage.DataProviderTest -->
