<?xml version="1.0" encoding="UTF-8"?>
<!-- Generated by org.testng.reporters.JUnitReportReporter -->
<testsuite skipped="0" hostname="DESKTOP-RV54SM4" name="com.TestNG.SamplePackage.ParentsClass" tests="2" failures="0" timestamp="02 May 2020 05:43:49 GMT" time="0.000" errors="0">
  <testcase name="$Method" time="0.000" classname="com.TestNG.SamplePackage.ParentsClass"/>
  <testcase name="Method1" time="0.000" classname="com.TestNG.SamplePackage.ParentsClass"/>
</testsuite> <!-- com.TestNG.SamplePackage.ParentsClass -->
