<?xml version="1.0" encoding="UTF-8"?>
<!-- Generated by org.testng.reporters.JUnitReportReporter -->
<testsuite skipped="0" hostname="DESKTOP-RV54SM4" name="com.TestNG.SamplePackage.AnnotationHierarchy" tests="2" failures="0" timestamp="21 Apr 2020 09:04:14 GMT" time="0.036" errors="0">
  <testcase name="testCase4" time="0.015" classname="com.TestNG.SamplePackage.AnnotationHierarchy"/>
  <testcase name="testCase1" time="0.021" classname="com.TestNG.SamplePackage.AnnotationHierarchy"/>
</testsuite> <!-- com.TestNG.SamplePackage.AnnotationHierarchy -->
