<?xml version="1.0" encoding="UTF-8"?>
<!-- Generated by org.testng.reporters.JUnitReportReporter -->
<testsuite skipped="0" hostname="DESKTOP-RV54SM4" name="com.TestNG.SamplePackage.ParentClass" tests="1" failures="0" timestamp="21 Apr 2020 09:11:16 GMT" time="0.016" errors="0">
  <testcase name="parentMethod" time="0.016" classname="com.TestNG.SamplePackage.ParentClass"/>
</testsuite> <!-- com.TestNG.SamplePackage.ParentClass -->
