<?xml version="1.0" encoding="UTF-8"?>
<!-- Generated by org.testng.reporters.JUnitReportReporter -->
<testsuite skipped="0" hostname="DESKTOP-RV54SM4" name="com.TestNG.SamplePackage.IgnoreAnnotation" tests="1" failures="0" timestamp="02 May 2020 06:16:33 GMT" time="0.000" errors="0">
  <testcase name="method1" time="0.000" classname="com.TestNG.SamplePackage.IgnoreAnnotation"/>
</testsuite> <!-- com.TestNG.SamplePackage.IgnoreAnnotation -->
