<?xml version="1.0" encoding="UTF-8"?>
<!-- Generated by org.testng.reporters.JUnitReportReporter -->
<testsuite skipped="0" hostname="DESKTOP-RV54SM4" name="com.TestNG.SamplePackage.AnnotateHierarchy" tests="1" failures="0" timestamp="23 Jan 2020 16:11:40 GMT" time="0.012" errors="0">
  <testcase name="testCase3" time="0.012" classname="com.TestNG.SamplePackage.AnnotateHierarchy"/>
</testsuite> <!-- com.TestNG.SamplePackage.AnnotateHierarchy -->
