<?xml version="1.0" encoding="UTF-8"?>
<!-- Generated by org.testng.reporters.JUnitReportReporter -->
<testsuite skipped="0" hostname="DESKTOP-RV54SM4" name="com.TestNG.SamplePackage.NoTestSubClass" tests="1" failures="0" timestamp="21 Apr 2020 09:28:25 GMT" time="0.010" errors="0">
  <testcase name="method2" time="0.010" classname="com.TestNG.SamplePackage.NoTestSubClass"/>
</testsuite> <!-- com.TestNG.SamplePackage.NoTestSubClass -->
