<?xml version="1.0" encoding="UTF-8"?>
<!-- Generated by org.testng.reporters.JUnitReportReporter -->
<testsuite skipped="0" hostname="DESKTOP-RV54SM4" name="com.TestNG.SamplePackage.PriorityAttribute" tests="4" failures="0" timestamp="21 Apr 2020 09:31:52 GMT" time="0.015" errors="0">
  <testcase name="M1withPriority" time="0.015" classname="com.TestNG.SamplePackage.PriorityAttribute"/>
  <testcase name="PrintWithoutPriority" time="0.000" classname="com.TestNG.SamplePackage.PriorityAttribute"/>
  <testcase name="DispWithoutPriority" time="0.000" classname="com.TestNG.SamplePackage.PriorityAttribute"/>
  <testcase name="M4withPriority" time="0.000" classname="com.TestNG.SamplePackage.PriorityAttribute"/>
</testsuite> <!-- com.TestNG.SamplePackage.PriorityAttribute -->
