<?xml version="1.0" encoding="UTF-8"?>
<!-- Generated by org.testng.reporters.JUnitReportReporter -->
<testsuite skipped="0" hostname="DESKTOP-RV54SM4" name="com.TestNG.SamplePackage.TestNGFailedCaseRerun" tests="1" failures="0" timestamp="10 Apr 2020 18:44:20 GMT" time="0.309" errors="0">
  <testcase name="failedCasesRerun" time="0.309" classname="com.TestNG.SamplePackage.TestNGFailedCaseRerun"/>
</testsuite> <!-- com.TestNG.SamplePackage.TestNGFailedCaseRerun -->
