<?xml version="1.0" encoding="UTF-8"?>
<!-- Generated by org.testng.reporters.JUnitReportReporter -->
<testsuite skipped="0" hostname="DESKTOP-RV54SM4" name="com.TestNG.SamplePackage.SampleTest2" tests="2" failures="0" timestamp="23 Apr 2020 04:23:29 GMT" time="0.027" errors="0">
  <testcase name="sampleCheck4" time="0.022" classname="com.TestNG.SamplePackage.SampleTest2"/>
  <testcase name="sampleCheck6" time="0.005" classname="com.TestNG.SamplePackage.SampleTest2"/>
</testsuite> <!-- com.TestNG.SamplePackage.SampleTest2 -->
