<?xml version="1.0" encoding="UTF-8"?>
<!-- Generated by org.testng.reporters.JUnitReportReporter -->
<testsuite skipped="0" hostname="DESKTOP-RV54SM4" name="com.TestNG.SamplePackage.DefaultPriorityInheritance" tests="9" failures="0" timestamp="02 May 2020 05:43:49 GMT" time="0.015" errors="0">
  <testcase name="child3" time="0.000" classname="com.TestNG.SamplePackage.DefaultPriorityInheritance"/>
  <testcase name="child2" time="0.000" classname="com.TestNG.SamplePackage.DefaultPriorityInheritance"/>
  <testcase name="child1" time="0.000" classname="com.TestNG.SamplePackage.DefaultPriorityInheritance"/>
  <testcase name="_child" time="0.000" classname="com.TestNG.SamplePackage.DefaultPriorityInheritance"/>
  <testcase name="$Method" time="0.000" classname="com.TestNG.SamplePackage.DefaultPriorityInheritance"/>
  <testcase name="Method1" time="0.000" classname="com.TestNG.SamplePackage.DefaultPriorityInheritance"/>
  <testcase name="Child" time="0.000" classname="com.TestNG.SamplePackage.DefaultPriorityInheritance"/>
  <testcase name="child" time="0.000" classname="com.TestNG.SamplePackage.DefaultPriorityInheritance"/>
  <testcase name="$child" time="0.015" classname="com.TestNG.SamplePackage.DefaultPriorityInheritance"/>
</testsuite> <!-- com.TestNG.SamplePackage.DefaultPriorityInheritance -->
