<?xml version="1.0" encoding="UTF-8"?>
<!-- Generated by org.testng.reporters.JUnitReportReporter -->
<testsuite skipped="0" hostname="DESKTOP-RV54SM4" name="com.TestNG.SamplePackage.HandleException" tests="1" failures="0" timestamp="02 May 2020 06:05:16 GMT" time="0.025" errors="0">
  <testcase name="testException" time="0.025" classname="com.TestNG.SamplePackage.HandleException"/>
</testsuite> <!-- com.TestNG.SamplePackage.HandleException -->
