<?xml version="1.0" encoding="UTF-8"?>
<!-- Generated by org.testng.reporters.JUnitReportReporter -->
<testsuite skipped="0" hostname="DESKTOP-RV54SM4" name="com.TestNG.SamplePackage.ChildClass" tests="2" failures="0" timestamp="22 Jul 2020 16:37:32 GMT" time="0.024" errors="0">
  <testcase name="childMethod1" time="0.009" classname="com.TestNG.SamplePackage.ChildClass"/>
  <testcase name="childMethod2" time="0.015" classname="com.TestNG.SamplePackage.ChildClass"/>
</testsuite> <!-- com.TestNG.SamplePackage.ChildClass -->
