<?xml version="1.0" encoding="UTF-8"?>
<!-- Generated by org.testng.reporters.JUnitReportReporter -->
<testsuite skipped="0" hostname="DESKTOP-RV54SM4" name="com.TestNG.SamplePackage.MainClass" tests="1" failures="0" timestamp="21 Apr 2020 09:28:18 GMT" time="0.000" errors="0">
  <testcase name="method1" time="0.000" classname="com.TestNG.SamplePackage.MainClass"/>
</testsuite> <!-- com.TestNG.SamplePackage.MainClass -->
